{"name": "test_guest_shopping[chrome]", "status": "broken", "statusDetails": {"message": "selenium.common.exceptions.TimeoutException: Message:", "trace": "self = <testCases.test_shopping_items.Test_shop_asGuest object at 0x053E7FB8>\n\n    @allure.severity(allure.severity_level.NORMAL)\n    def test_guest_shopping(self):\n        self.pro_rows = XLUtils.getRowCount(self.path, 'Products')\n        for i in range(2, self.pro_rows+1):\n            self.menu = XLUtils.readData(self.path, 'Products', i, 1)\n            self.submenu = XLUtils.readData(self.path, 'Products', i, 2)\n    \n            self.item = XLUtils.readData(self.path, 'Products', i, 3)\n            self.shop = Shopping(self.driver)\n            self.shop.Titlebar(self.menu)\n            if self.submenu != \"x\":\n                self.shop.Submenu(self.submenu)\n    \n>           self.shop.Item(self.item)\n\ntestCases\\test_shopping_items.py:29: \n_ _ _ _ _ _ _ _ _ _ _ _ _ _ _ _ _ _ _ _ _ _ _ _ _ _ _ _ _ _ _ _ _ _ _ _ _ _ _ _ _ _ _ _ _ _ _ _ _ _ _ _ _ _ _ _ _ _ _ _ _ _ _ _ _ _ _ _ _ _ _ _ _ _ _ _ _ _ _ _ _ _ _ _ _ _ _ _ _ _ _ _ _ \npageObjects\\shopping_page.py:61: in Item\n    self.do_click(self.add_to_cart)\npageObjects\\basePage.py:14: in do_click\n    WebDriverWait(self.driver, 20).until(EC.visibility_of_element_located(by_locator)).click()\n_ _ _ _ _ _ _ _ _ _ _ _ _ _ _ _ _ _ _ _ _ _ _ _ _ _ _ _ _ _ _ _ _ _ _ _ _ _ _ _ _ _ _ _ _ _ _ _ _ _ _ _ _ _ _ _ _ _ _ _ _ _ _ _ _ _ _ _ _ _ _ _ _ _ _ _ _ _ _ _ _ _ _ _ _ _ _ _ _ _ _ _ _ \n\nself = <selenium.webdriver.support.wait.WebDriverWait (session=\"3271bae6a1ae0fd3b435df5a6c86a3fe\")>\nmethod = <selenium.webdriver.support.expected_conditions.visibility_of_element_located object at 0x047C8958>, message = ''\n\n    def until(self, method, message=''):\n        \"\"\"Calls the method provided with the driver as an argument until the \\\n        return value is not False.\"\"\"\n        screen = None\n        stacktrace = None\n    \n        end_time = time.time() + self._timeout\n        while True:\n            try:\n                value = method(self._driver)\n                if value:\n                    return value\n            except self._ignored_exceptions as exc:\n                screen = getattr(exc, 'screen', None)\n                stacktrace = getattr(exc, 'stacktrace', None)\n            time.sleep(self._poll)\n            if time.time() > end_time:\n                break\n>       raise TimeoutException(message, screen, stacktrace)\nE       selenium.common.exceptions.TimeoutException: Message:\n\n..\\virtual environmemts\\pycharmprojects\\lib\\site-packages\\selenium\\webdriver\\support\\wait.py:80: TimeoutException"}, "attachments": [{"name": " Test Shopping item", "source": "7e5c6798-050c-4c81-aeb1-133a421a9955-attachment.png", "type": "image/png"}, {"name": "log", "source": "ca7dd9db-91e6-474f-b814-b5625373be6d-attachment.txt", "type": "text/plain"}], "parameters": [{"name": "init_driver", "value": "'chrome'"}], "start": 1618070984111, "stop": 1618071028170, "uuid": "d9245c66-8a1b-4a29-a477-fbc5fbfb8bc9", "historyId": "1182d8a39a86e4b461c4e934fc4a3f87", "testCaseId": "112ede2c8c124c0d9f1447bf32a2665e", "fullName": "testCases.test_shopping_items.Test_shop_asGuest#test_guest_shopping", "labels": [{"name": "severity", "value": "normal"}, {"name": "tag", "value": "@pytest.mark.usefixtures('init_driver')"}, {"name": "parentSuite", "value": "testCases"}, {"name": "suite", "value": "test_shopping_items"}, {"name": "subSuite", "value": "Test_shop_asGuest"}, {"name": "host", "value": "LAPTOP-ESSL3DDB"}, {"name": "thread", "value": "16600-MainThread"}, {"name": "framework", "value": "pytest"}, {"name": "language", "value": "cpython3"}, {"name": "package", "value": "testCases.test_shopping_items"}]}